Build started 10/22/2012 11:16:15 AM.
     1>Project "G:\Documents\Dropbox\Magisterka\Magisterka\Kod zrodlowy\MgrMouseClient\MgrMouseClient.vcxproj" on node 3 (rebuild target(s)).
     1>InitializeBuildStatus:
         Creating "Release\MgrMouseClient.unsuccessfulbuild" because "AlwaysCreate" was specified.
       ClCompile:
         C:\Program Files (x86)\Microsoft Visual Studio 10.0\VC\bin\CL.exe /c /I..\MgrCUDA\ /Zi /nologo /W3 /WX- /O2 /Oi /Oy- /GL /D WIN32 /D NDEBUG /D _CONSOLE /D _UNICODE /D UNICODE /Gm- /EHsc /MD /GS /Gy /fp:precise /Zc:wchar_t /Zc:forScope /Yc"StdAfx.h" /Fp"Release\MgrMouseClient.pch" /Fo"Release\\" /Fd"Release\vc100.pdb" /Gd /TP /analyze- /errorReport:prompt stdafx.cpp
         stdafx.cpp
         C:\Program Files (x86)\Microsoft Visual Studio 10.0\VC\bin\CL.exe /c /I..\MgrCUDA\ /Zi /nologo /W3 /WX- /O2 /Oi /Oy- /GL /D WIN32 /D NDEBUG /D _CONSOLE /D _UNICODE /D UNICODE /Gm- /EHsc /MD /GS /Gy /fp:precise /Zc:wchar_t /Zc:forScope /Yu"StdAfx.h" /Fp"Release\MgrMouseClient.pch" /Fo"Release\\" /Fd"Release\vc100.pdb" /Gd /TP /analyze- /errorReport:prompt MgrMouseClient.cpp MouseHandling.cpp NetworkProxy.cpp
         MgrMouseClient.cpp
         MouseHandling.cpp
         NetworkProxy.cpp
       Link:
         C:\Program Files (x86)\Microsoft Visual Studio 10.0\VC\bin\link.exe /ERRORREPORT:PROMPT /OUT:"G:\Documents\Dropbox\Magisterka\Magisterka\Kod zrodlowy\MgrCUDA\Release\MgrMouseClient.exe" /INCREMENTAL:NO /NOLOGO /LIBPATH:..\Lib\lib WS2_32.lib opencv_core233.lib opencv_highgui233.lib opencv_ml233.lib opencv_video233.lib opencv_imgproc233.lib opencv_features2d233.lib opencv_objdetect233.lib opencv_calib3d233.lib opencv_flann233.lib opencv_gpu233.lib opencv_contrib233.lib kernel32.lib user32.lib gdi32.lib winspool.lib comdlg32.lib advapi32.lib shell32.lib ole32.lib oleaut32.lib uuid.lib odbc32.lib odbccp32.lib /MANIFEST /ManifestFile:"Release\MgrMouseClient.exe.intermediate.manifest" /MANIFESTUAC:"level='asInvoker' uiAccess='false'" /DEBUG /PDB:"G:\Documents\Dropbox\Magisterka\Magisterka\Kod zrodlowy\MgrCUDA\Release\MgrMouseClient.pdb" /SUBSYSTEM:CONSOLE /OPT:REF /OPT:ICF /LTCG /TLBID:1 /DYNAMICBASE /NXCOMPAT /IMPLIB:"G:\Documents\Dropbox\Magisterka\Magisterka\Kod zrodlowy\MgrCUDA\Release\MgrMouseClient.lib" /MACHINE:X86 Release\MgrMouseClient.obj
         Release\MouseHandling.obj
         Release\NetworkProxy.obj
         Release\stdafx.obj
         Generating code
         Finished generating code
         MgrMouseClient.vcxproj -> G:\Documents\Dropbox\Magisterka\Magisterka\Kod zrodlowy\MgrCUDA\Release\MgrMouseClient.exe
       Manifest:
         C:\Program Files (x86)\Microsoft SDKs\Windows\v7.0A\bin\mt.exe /nologo /verbose /outputresource:"G:\Documents\Dropbox\Magisterka\Magisterka\Kod zrodlowy\MgrCUDA\Release\MgrMouseClient.exe;#1" /manifest Release\MgrMouseClient.exe.intermediate.manifest
       FinalizeBuildStatus:
         Deleting file "Release\MgrMouseClient.unsuccessfulbuild".
         Touching "Release\MgrMouseClient.lastbuildstate".
     1>Done Building Project "G:\Documents\Dropbox\Magisterka\Magisterka\Kod zrodlowy\MgrMouseClient\MgrMouseClient.vcxproj" (rebuild target(s)).

Build succeeded.

Time Elapsed 00:00:02.24
